0 info it worked if it ends with ok
1 verbose cli [ 'e:\\Program Files\\nodejs\\node.exe',
1 verbose cli   'e:\\Program Files\\nodejs\\node_modules\\npm\\bin\\npm-cli.js',
1 verbose cli   'install' ]
2 info using npm@2.1.1
3 info using node@v0.10.32
4 error install Couldn't read dependencies
5 verbose stack Error: ENOENT, open 'e:\dev\projects\itsnow\frontend\package.json'
6 verbose cwd e:\dev\projects\itsnow\frontend
7 error Windows_NT 6.1.7601
8 error argv "e:\\Program Files\\nodejs\\node.exe" "e:\\Program Files\\nodejs\\node_modules\\npm\\bin\\npm-cli.js" "install"
9 error node v0.10.32
10 error npm  v2.1.1
11 error path e:\dev\projects\itsnow\frontend\package.json
12 error code ENOPACKAGEJSON
13 error errno 34
14 error package.json ENOENT, open 'e:\dev\projects\itsnow\frontend\package.json'
14 error package.json This is most likely not a problem with npm itself.
14 error package.json npm can't find a package.json file in your current directory.
15 verbose exit [ 34, true ]
